warning: Git tree '/home/apricorum/nixos' is dirty
building the system configuration...
warning: Git tree '/home/apricorum/nixos' is dirty
trace: warning: The option `services.xserver.xkbVariant' defined in `/home/apricorum/nixos/X11.nix' has been renamed to `services.xserver.xkb.variant'.
trace: warning: The option `services.xserver.layout' defined in `/home/apricorum/nixos/X11.nix' has been renamed to `services.xserver.xkb.layout'.
trace: warning: The option `services.xserver.displayManager.autoLogin' defined in `/home/apricorum/nixos/X11.nix' and `/nix/store/sqwwgknydysw2v4a3b6l8k90j4pnnjpi-source/configuration.nix' has been renamed to `services.displayManager.autoLogin'.
building '/nix/store/kjgncmqgrkdjdbd6zp6jjavahdbxzzbh-lightdm-display-setup.drv'...
building '/nix/store/z08f4gr8h5ni1fp28swm8cwha4fbkf8x-lightdm.conf.drv'...
building '/nix/store/q9q2xgpp01kwj8i782hhmvljl8rba0i3-etc.drv'...
building '/nix/store/vygvvvy42dbzym4qwspjqxi52q1266cd-nixos-system-nixos-24.11.20240605.e8057b6.drv'...
building '/nix/store/adr6z8yn4slf5m5ik3lnfylmnvys8dvp-references.nix.drv'...
building '/nix/store/vqvgy4vfsfv8fqyl5b17zkc4jdvxa2fb-etc.drv'...
building '/nix/store/8ffc3kfd5hhjid4z9zva1bbyahjf69nm-nixos-system-nixos-24.11.20240605.e8057b6.drv'...
building '/nix/store/167mbfsdwz2b1z7v7s4mhzcmvfd5kx1w-references.nix.drv'...
these 3 derivations will be built:
  /nix/store/r9fn2vwjh5zzd4aimcfhfv44pgl4xs12-lightdm.conf.drv
  /nix/store/5xf526iga0v61np14bylf0cfdi1w3a4j-etc.drv
  /nix/store/ab2jhwnz8w64mir3gp8bpwc45gx0p896-nixos-system-nixos-24.11.20240605.e8057b6.drv
building '/nix/store/r9fn2vwjh5zzd4aimcfhfv44pgl4xs12-lightdm.conf.drv'...
building '/nix/store/5xf526iga0v61np14bylf0cfdi1w3a4j-etc.drv'...
building '/nix/store/ab2jhwnz8w64mir3gp8bpwc45gx0p896-nixos-system-nixos-24.11.20240605.e8057b6.drv'...
activating the configuration...
setting up /etc...
reloading user units for apricorum...
restarting sysinit-reactivation.target
